2021/02/28 17:14:57 {"callers":["/Users/linchuangbin/Desktop/project/go-blog-service/main.go:28 main.init.0"],"level":"info","message":"1111","time":1614503697415420000}
2021/02/28 17:15:44 {"callers":["/Users/linchuangbin/Desktop/project/go-blog-service/main.go:28 main.init.0"],"level":"info","message":"1111","time":1614503744147870000}
2021/03/03 22:07:55 {"callers":["/Users/linchuangbin/Desktop/project/go-blog-service/main.go:28 main.init.0"],"level":"error","message":"svc.CreateTag errs: Error 1054: Unknown column 'create_by' in 'field list'","time":1614780475365804000}
2021/03/03 22:08:08 {"callers":["/Users/linchuangbin/Desktop/project/go-blog-service/main.go:28 main.init.0"],"level":"error","message":"svc.CreateTag errs: Error 1054: Unknown column 'create_by' in 'field list'","time":1614780488969403000}
2021/03/03 22:08:37 {"callers":["/Users/linchuangbin/Desktop/project/go-blog-service/main.go:28 main.init.0"],"level":"error","message":"svc.CreateTag errs: Error 1054: Unknown column 'create_by' in 'field list'","time":1614780517582897000}
2021/03/03 22:18:06 {"callers":["/Users/linchuangbin/Desktop/project/go-blog-service/main.go:28 main.init.0"],"level":"error","message":"app.BindAndValid errs: ","time":1614781086561451000}
2021/03/03 22:18:09 {"callers":["/Users/linchuangbin/Desktop/project/go-blog-service/main.go:28 main.init.0"],"level":"error","message":"app.BindAndValid errs: ","time":1614781089968249000}
2021/03/03 22:18:14 {"callers":["/Users/linchuangbin/Desktop/project/go-blog-service/main.go:28 main.init.0"],"level":"error","message":"app.BindAndValid errs: ","time":1614781094026067000}
2021/03/03 22:18:16 {"callers":["/Users/linchuangbin/Desktop/project/go-blog-service/main.go:28 main.init.0"],"level":"error","message":"app.BindAndValid errs: ","time":1614781096919228000}
2021/03/03 22:18:21 {"callers":["/Users/linchuangbin/Desktop/project/go-blog-service/main.go:28 main.init.0"],"level":"error","message":"app.BindAndValid errs: ","time":1614781101322472000}
2021/03/03 22:19:27 {"callers":["/Users/linchuangbin/Desktop/project/go-blog-service/main.go:28 main.init.0"],"level":"error","message":"app.BindAndValid errs: ","time":1614781167625705000}
2021/03/03 22:19:30 {"callers":["/Users/linchuangbin/Desktop/project/go-blog-service/main.go:28 main.init.0"],"level":"error","message":"app.BindAndValid errs: ","time":1614781170160422000}
2021/03/03 22:19:31 {"callers":["/Users/linchuangbin/Desktop/project/go-blog-service/main.go:28 main.init.0"],"level":"error","message":"app.BindAndValid errs: ","time":1614781171781568000}
2021/03/03 22:19:35 {"callers":["/Users/linchuangbin/Desktop/project/go-blog-service/main.go:28 main.init.0"],"level":"error","message":"app.BindAndValid errs: ","time":1614781175168391000}
2021/03/03 22:21:14 {"callers":["/Users/linchuangbin/Desktop/project/go-blog-service/main.go:28 main.init.0"],"level":"error","message":"app.BindAndValid errs: Key: 'CreateTagRequest.CreatedBy' Error:Field validation for 'CreatedBy' failed on the 'required' tag","time":1614781274025161000}
2021/03/03 22:21:21 {"callers":["/Users/linchuangbin/Desktop/project/go-blog-service/main.go:28 main.init.0"],"level":"error","message":"app.BindAndValid errs: Key: 'CreateTagRequest.CreatedBy' Error:Field validation for 'CreatedBy' failed on the 'required' tag","time":1614781281923324000}
2021/03/03 22:21:25 {"callers":["/Users/linchuangbin/Desktop/project/go-blog-service/main.go:28 main.init.0"],"level":"error","message":"app.BindAndValid errs: Key: 'CreateTagRequest.CreatedBy' Error:Field validation for 'CreatedBy' failed on the 'required' tag","time":1614781285325467000}
2021/03/03 22:22:59 {"callers":["/Users/linchuangbin/Desktop/project/go-blog-service/main.go:28 main.init.0"],"level":"error","message":"app.BindAndValid errs: Key: 'CreateTagRequest.CreatedBy' Error:Field validation for 'CreatedBy' failed on the 'required' tag","time":1614781379296246000}
2021/03/03 22:23:23 {"callers":["/Users/linchuangbin/Desktop/project/go-blog-service/main.go:28 main.init.0"],"level":"error","message":"app.BindAndValid errs: Key: 'CreateTagRequest.CreatedBy' Error:Field validation for 'CreatedBy' failed on the 'required' tag","time":1614781403835534000}
2021/03/03 22:23:29 {"callers":["/Users/linchuangbin/Desktop/project/go-blog-service/main.go:28 main.init.0"],"level":"error","message":"app.BindAndValid errs: Key: 'CreateTagRequest.CreatedBy' Error:Field validation for 'CreatedBy' failed on the 'required' tag","time":1614781409746733000}
2021/03/03 22:23:33 {"callers":["/Users/linchuangbin/Desktop/project/go-blog-service/main.go:28 main.init.0"],"level":"error","message":"app.BindAndValid errs: Key: 'CreateTagRequest.CreatedBy' Error:Field validation for 'CreatedBy' failed on the 'required' tag","time":1614781413824729000}
2021/03/03 22:24:25 {"callers":["/Users/linchuangbin/Desktop/project/go-blog-service/main.go:28 main.init.0"],"level":"error","message":"app.BindAndValid errs: Key: 'CreateTagRequest.CreatedBy' Error:Field validation for 'CreatedBy' failed on the 'required' tag","time":1614781465507654000}
2021/03/03 22:24:28 {"callers":["/Users/linchuangbin/Desktop/project/go-blog-service/main.go:28 main.init.0"],"level":"error","message":"app.BindAndValid errs: Key: 'CreateTagRequest.CreatedBy' Error:Field validation for 'CreatedBy' failed on the 'required' tag","time":1614781468044016000}
2021/03/03 22:25:04 {"callers":["/Users/linchuangbin/Desktop/project/go-blog-service/main.go:28 main.init.0"],"level":"error","message":"app.BindAndValid errs: Key: 'CreateTagRequest.CreatedBy' Error:Field validation for 'CreatedBy' failed on the 'required' tag","time":1614781504298503000}
2021/03/03 22:26:32 {"callers":["/Users/linchuangbin/Desktop/project/go-blog-service/main.go:28 main.init.0"],"level":"error","message":"app.BindAndValid errs: Key: 'CreateTagRequest.Name' Error:Field validation for 'Name' failed on the 'required' tag\nKey: 'CreateTagRequest.CreatedBy' Error:Field validation for 'CreatedBy' failed on the 'required' tag","time":1614781592398754000}
2021/03/03 22:27:39 {"callers":["/Users/linchuangbin/Desktop/project/go-blog-service/main.go:28 main.init.0"],"level":"error","message":"app.BindAndValid errs: Key: 'CreateTagRequest.Name' Error:Field validation for 'Name' failed on the 'required' tag\nKey: 'CreateTagRequest.CreatedBy' Error:Field validation for 'CreatedBy' failed on the 'required' tag","time":1614781659600833000}
2021/03/03 22:27:44 {"callers":["/Users/linchuangbin/Desktop/project/go-blog-service/main.go:28 main.init.0"],"level":"error","message":"app.BindAndValid errs: Key: 'CreateTagRequest.Name' Error:Field validation for 'Name' failed on the 'required' tag\nKey: 'CreateTagRequest.CreatedBy' Error:Field validation for 'CreatedBy' failed on the 'required' tag","time":1614781664790944000}
2021/03/03 22:27:55 {"callers":["/Users/linchuangbin/Desktop/project/go-blog-service/main.go:28 main.init.0"],"level":"error","message":"app.BindAndValid errs: Key: 'CreateTagRequest.Name' Error:Field validation for 'Name' failed on the 'required' tag\nKey: 'CreateTagRequest.CreatedBy' Error:Field validation for 'CreatedBy' failed on the 'required' tag","time":1614781675948424000}
2021/03/03 22:28:09 {"callers":["/Users/linchuangbin/Desktop/project/go-blog-service/main.go:28 main.init.0"],"level":"error","message":"app.BindAndValid errs: Key: 'CreateTagRequest.Name' Error:Field validation for 'Name' failed on the 'required' tag\nKey: 'CreateTagRequest.CreatedBy' Error:Field validation for 'CreatedBy' failed on the 'required' tag","time":1614781689940295000}
2021/03/03 22:29:16 {"callers":["/Users/linchuangbin/Desktop/project/go-blog-service/main.go:28 main.init.0"],"level":"error","message":"app.BindAndValid errs: Key: 'CreateTagRequest.Name' Error:Field validation for 'Name' failed on the 'required' tag\nKey: 'CreateTagRequest.CreatedBy' Error:Field validation for 'CreatedBy' failed on the 'required' tag","time":1614781756840395000}
2021/03/03 22:29:30 {"callers":["/Users/linchuangbin/Desktop/project/go-blog-service/main.go:28 main.init.0"],"level":"error","message":"app.BindAndValid errs: Key: 'CreateTagRequest.Name' Error:Field validation for 'Name' failed on the 'min' tag\nKey: 'CreateTagRequest.CreatedBy' Error:Field validation for 'CreatedBy' failed on the 'required' tag","time":1614781770716693000}
2021/03/03 22:29:41 {"callers":["/Users/linchuangbin/Desktop/project/go-blog-service/main.go:28 main.init.0"],"level":"error","message":"app.BindAndValid errs: Key: 'CreateTagRequest.Name' Error:Field validation for 'Name' failed on the 'min' tag","time":1614781781864169000}
2021/03/03 22:29:51 {"callers":["/Users/linchuangbin/Desktop/project/go-blog-service/main.go:28 main.init.0"],"level":"error","message":"app.BindAndValid errs: Key: 'CreateTagRequest.Name' Error:Field validation for 'Name' failed on the 'min' tag","time":1614781791447777000}
2021/03/03 22:29:55 {"callers":["/Users/linchuangbin/Desktop/project/go-blog-service/main.go:28 main.init.0"],"level":"error","message":"app.BindAndValid errs: Key: 'CreateTagRequest.Name' Error:Field validation for 'Name' failed on the 'min' tag\nKey: 'CreateTagRequest.CreatedBy' Error:Field validation for 'CreatedBy' failed on the 'min' tag","time":1614781795751997000}
2021/03/03 22:30:00 {"callers":["/Users/linchuangbin/Desktop/project/go-blog-service/main.go:28 main.init.0"],"level":"error","message":"app.BindAndValid errs: Key: 'CreateTagRequest.Name' Error:Field validation for 'Name' failed on the 'min' tag\nKey: 'CreateTagRequest.CreatedBy' Error:Field validation for 'CreatedBy' failed on the 'min' tag","time":1614781800670050000}
2021/03/03 22:30:03 {"callers":["/Users/linchuangbin/Desktop/project/go-blog-service/main.go:28 main.init.0"],"level":"error","message":"app.BindAndValid errs: Key: 'CreateTagRequest.Name' Error:Field validation for 'Name' failed on the 'min' tag","time":1614781803483703000}
2021/03/03 22:32:28 {"callers":["/Users/linchuangbin/Desktop/project/go-blog-service/main.go:28 main.init.0"],"level":"error","message":"app.BindAndValid errs: Key: 'CreateTagRequest.CreatedBy' Error:Field validation for 'CreatedBy' failed on the 'required' tag","time":1614781948609056000}
2021/03/03 22:32:43 {"callers":["/Users/linchuangbin/Desktop/project/go-blog-service/main.go:28 main.init.0"],"level":"error","message":"app.BindAndValid errs: Key: 'UpdateTagRequest.ID' Error:Field validation for 'ID' failed on the 'required' tag\nKey: 'UpdateTagRequest.Name' Error:Field validation for 'Name' failed on the 'min' tag\nKey: 'UpdateTagRequest.State' Error:Field validation for 'State' failed on the 'required' tag\nKey: 'UpdateTagRequest.ModifiedBy' Error:Field validation for 'ModifiedBy' failed on the 'required' tag","time":1614781963468345000}
2021/03/07 20:05:30 {"callers":["/Users/linchuangbin/Desktop/project/go-blog-service/main.go:28 main.init.0"],"level":"error","message":"app.BindAndValid errs: Key: 'ArticleListRequest.TagID' Error:Field validation for 'TagID' failed on the 'gte' tag","time":1615118730329007000}
2021/03/07 20:08:58 {"callers":["/Users/linchuangbin/Desktop/project/go-blog-service/main.go:28 main.init.0"],"level":"error","message":"app.BindAndValid errs: Key: 'ArticleListRequest.TagID' Error:Field validation for 'TagID' failed on the 'gte' tag","time":1615118938155432000}
2021/03/07 20:09:05 {"callers":["/Users/linchuangbin/Desktop/project/go-blog-service/main.go:28 main.init.0"],"level":"error","message":"svc.GetArticleList err: Error 1146: Table 'blog_service.blog_article_tagas' doesn't exist","time":1615118945533328000}
2021/03/07 20:10:26 {"callers":["/Users/linchuangbin/Desktop/project/go-blog-service/main.go:28 main.init.0"],"level":"error","message":"svc.GetArticleList err: Error 1146: Table 'blog_service.blog_article_tagas' doesn't exist","time":1615119026820035000}
2021/03/07 20:13:47 {"callers":["/Users/linchuangbin/Desktop/project/go-blog-service/main.go:28 main.init.0"],"level":"error","message":"svc.GetArticleList err: Error 1146: Table 'blog_service.blog_article_tagas' doesn't exist","time":1615119227186151000}
2021/03/07 20:14:30 {"callers":["/Users/linchuangbin/Desktop/project/go-blog-service/main.go:28 main.init.0"],"level":"error","message":"svc.GetArticleList err: Error 1146: Table 'blog_service.blog_article_tagas' doesn't exist","time":1615119270779665000}
2021/03/07 20:16:32 {"callers":["/Users/linchuangbin/Desktop/project/go-blog-service/main.go:28 main.init.0"],"level":"error","message":"app.BindAndValid errs: Key: 'CreateTagRequest.Name' Error:Field validation for 'Name' failed on the 'required' tag\nKey: 'CreateTagRequest.CreatedBy' Error:Field validation for 'CreatedBy' failed on the 'required' tag\nKey: 'CreateTagRequest.State' Error:Field validation for 'State' failed on the 'oneof' tag","time":1615119392062432000}
2021/03/07 20:16:54 {"callers":["/Users/linchuangbin/Desktop/project/go-blog-service/main.go:28 main.init.0"],"level":"error","message":"app.BindAndValid errs: Key: 'CreateArticleRequest.CoverImageUrl' Error:Field validation for 'CoverImageUrl' failed on the 'url' tag\nKey: 'CreateArticleRequest.CreatedBy' Error:Field validation for 'CreatedBy' failed on the 'required' tag\nKey: 'CreateArticleRequest.State' Error:Field validation for 'State' failed on the 'oneof' tag","time":1615119414284209000}
2021/03/07 20:17:11 {"callers":["/Users/linchuangbin/Desktop/project/go-blog-service/main.go:28 main.init.0"],"level":"error","message":"app.BindAndValid errs: Key: 'CreateArticleRequest.CoverImageUrl' Error:Field validation for 'CoverImageUrl' failed on the 'url' tag\nKey: 'CreateArticleRequest.CreatedBy' Error:Field validation for 'CreatedBy' failed on the 'required' tag\nKey: 'CreateArticleRequest.State' Error:Field validation for 'State' failed on the 'oneof' tag","time":1615119431791311000}
2021/03/07 20:17:32 {"callers":["/Users/linchuangbin/Desktop/project/go-blog-service/main.go:28 main.init.0"],"level":"error","message":"app.BindAndValid errs: Key: 'CreateArticleRequest.CreatedBy' Error:Field validation for 'CreatedBy' failed on the 'required' tag\nKey: 'CreateArticleRequest.State' Error:Field validation for 'State' failed on the 'oneof' tag","time":1615119452431512000}
2021/03/07 20:17:44 {"callers":["/Users/linchuangbin/Desktop/project/go-blog-service/main.go:28 main.init.0"],"level":"error","message":"app.BindAndValid errs: Key: 'CreateArticleRequest.State' Error:Field validation for 'State' failed on the 'oneof' tag","time":1615119464598016000}
2021/03/07 20:18:06 {"callers":["/Users/linchuangbin/Desktop/project/go-blog-service/main.go:28 main.init.0"],"level":"error","message":"svc.GetArticleList err: Error 1146: Table 'blog_service.blog_article_tagas' doesn't exist","time":1615119486482923000}
2021/03/07 20:18:08 {"callers":["/Users/linchuangbin/Desktop/project/go-blog-service/main.go:28 main.init.0"],"level":"error","message":"svc.GetArticleList err: Error 1146: Table 'blog_service.blog_article_tagas' doesn't exist","time":1615119488195223000}
2021/03/07 20:18:13 {"callers":["/Users/linchuangbin/Desktop/project/go-blog-service/main.go:28 main.init.0"],"level":"error","message":"svc.GetArticleList err: Error 1146: Table 'blog_service.blog_article_tagas' doesn't exist","time":1615119493618667000}
2021/03/07 20:18:18 {"callers":["/Users/linchuangbin/Desktop/project/go-blog-service/main.go:28 main.init.0"],"level":"error","message":"svc.GetArticleList err: Error 1146: Table 'blog_service.blog_article_tagas' doesn't exist","time":1615119498679897000}
2021/03/07 20:20:47 {"callers":["/Users/linchuangbin/Desktop/project/go-blog-service/main.go:28 main.init.0"],"level":"error","message":"svc.GetArticleList err: Error 1146: Table 'blog_service.blog_article_tagas' doesn't exist","time":1615119647917711000}
